2025-02-07 22:25:28,101 - root - INFO - Saved configuration to config/config.json
2025-02-07 22:25:28,101 - root - INFO - Created new configuration file at config/config.json
2025-02-07 22:25:28,820 - root - INFO - Model and scaler fitted with synthetic sample data
2025-02-07 22:28:13,184 - root - INFO - Loaded configuration from config/config.json
2025-02-07 22:28:13,912 - root - INFO - Model and scaler fitted with synthetic sample data
2025-02-07 22:28:17,656 - root - INFO - Starting sector scan...
2025-02-07 22:28:17,929 - root - INFO - Found opportunity in XLK
2025-02-07 22:28:18,190 - root - INFO - Found opportunity in XLF
2025-02-07 22:28:18,413 - root - INFO - Found opportunity in XLE
2025-02-07 22:28:18,624 - root - INFO - Found opportunity in XLV
2025-02-07 22:28:18,823 - root - INFO - Found opportunity in XLP
2025-02-07 22:28:19,160 - root - INFO - Found opportunity in XLI
2025-02-07 22:28:19,400 - root - INFO - Found opportunity in XLB
2025-02-07 22:28:19,645 - root - INFO - Found opportunity in XLU
2025-02-07 22:28:19,905 - root - INFO - Found opportunity in XLY
2025-02-07 22:28:20,136 - root - INFO - Found opportunity in SMH
2025-02-07 22:28:20,371 - root - INFO - Found opportunity in XRT
2025-02-07 22:30:40,168 - root - INFO - Loaded configuration from config/config.json
2025-02-07 22:30:40,846 - root - INFO - Model and scaler fitted with synthetic sample data
2025-02-07 22:30:44,416 - root - INFO - Starting sector scan...
2025-02-07 22:30:44,671 - root - INFO - Found opportunity in XLK
2025-02-07 22:30:44,875 - root - INFO - Found opportunity in XLF
2025-02-07 22:30:45,128 - root - INFO - Found opportunity in XLE
2025-02-07 22:30:45,389 - root - INFO - Found opportunity in XLV
2025-02-07 22:30:45,620 - root - INFO - Found opportunity in XLP
2025-02-07 22:30:45,890 - root - INFO - Found opportunity in XLI
2025-02-07 22:30:46,287 - root - INFO - Found opportunity in XLB
2025-02-07 22:30:46,518 - root - INFO - Found opportunity in XLU
2025-02-07 22:30:46,792 - root - INFO - Found opportunity in XLY
2025-02-07 22:30:47,034 - root - INFO - Found opportunity in SMH
2025-02-07 22:30:47,272 - root - INFO - Found opportunity in XRT
2025-02-07 22:54:07,371 - root - INFO - Loaded configuration from config/config.json
2025-02-07 22:54:08,022 - root - INFO - Model and scaler fitted with synthetic sample data
2025-02-07 22:54:11,673 - root - INFO - Starting sector scan...
2025-02-07 22:54:11,936 - root - INFO - Found opportunity in XLK
2025-02-07 22:54:12,149 - root - INFO - Found opportunity in XLF
2025-02-07 22:54:12,372 - root - INFO - Found opportunity in XLE
2025-02-07 22:54:12,642 - root - INFO - Found opportunity in XLV
2025-02-07 22:54:12,865 - root - INFO - Found opportunity in XLP
2025-02-07 22:54:13,071 - root - INFO - Found opportunity in XLI
2025-02-07 22:54:13,399 - root - INFO - Found opportunity in XLB
2025-02-07 22:54:13,630 - root - INFO - Found opportunity in XLU
2025-02-07 22:54:13,886 - root - INFO - Found opportunity in XLY
2025-02-07 22:54:14,158 - root - INFO - Found opportunity in SMH
2025-02-07 22:54:14,380 - root - INFO - Found opportunity in XRT
2025-02-07 22:54:17,495 - root - INFO - Starting sector scan...
2025-02-07 22:54:17,756 - root - INFO - Found opportunity in XLK
2025-02-07 22:54:18,002 - root - INFO - Found opportunity in XLF
2025-02-07 22:54:18,224 - root - INFO - Found opportunity in XLE
2025-02-07 22:54:18,457 - root - INFO - Found opportunity in XLV
2025-02-07 22:54:18,667 - root - INFO - Found opportunity in XLP
2025-02-07 22:54:18,908 - root - INFO - Found opportunity in XLI
2025-02-07 22:54:19,122 - root - INFO - Found opportunity in XLB
2025-02-07 22:54:19,375 - root - INFO - Found opportunity in XLU
2025-02-07 22:54:19,643 - root - INFO - Found opportunity in XLY
2025-02-07 22:54:19,904 - root - INFO - Found opportunity in SMH
2025-02-07 22:54:20,146 - root - INFO - Found opportunity in XRT
2025-02-07 22:54:20,147 - root - INFO - Starting sector scan...
2025-02-07 22:54:20,403 - root - INFO - Found opportunity in XLK
2025-02-07 22:54:20,650 - root - INFO - Found opportunity in XLF
2025-02-07 22:54:20,882 - root - INFO - Found opportunity in XLE
2025-02-07 22:54:21,108 - root - INFO - Found opportunity in XLV
2025-02-07 22:54:21,318 - root - INFO - Found opportunity in XLP
2025-02-07 22:54:21,667 - root - INFO - Found opportunity in XLI
2025-02-07 22:54:21,907 - root - INFO - Found opportunity in XLB
2025-02-07 22:54:22,129 - root - INFO - Found opportunity in XLU
2025-02-07 22:54:22,514 - root - INFO - Found opportunity in XLY
2025-02-07 22:54:22,761 - root - INFO - Found opportunity in SMH
2025-02-07 22:54:22,986 - root - INFO - Found opportunity in XRT
2025-02-07 22:54:22,987 - root - INFO - Starting sector scan...
2025-02-07 22:54:23,229 - root - INFO - Found opportunity in XLK
2025-02-07 22:54:23,429 - root - INFO - Found opportunity in XLF
2025-02-07 22:54:23,704 - root - INFO - Found opportunity in XLE
2025-02-07 22:54:23,974 - root - INFO - Found opportunity in XLV
2025-02-07 22:54:24,194 - root - INFO - Found opportunity in XLP
2025-02-07 22:54:24,429 - root - INFO - Found opportunity in XLI
2025-02-07 22:54:24,689 - root - INFO - Found opportunity in XLB
2025-02-07 22:54:24,941 - root - INFO - Found opportunity in XLU
2025-02-07 22:54:25,150 - root - INFO - Found opportunity in XLY
2025-02-07 22:54:25,407 - root - INFO - Found opportunity in SMH
2025-02-07 22:54:25,667 - root - INFO - Found opportunity in XRT
2025-02-07 22:54:25,668 - root - INFO - Starting sector scan...
2025-02-07 22:54:25,930 - root - INFO - Found opportunity in XLK
2025-02-07 22:54:26,181 - root - INFO - Found opportunity in XLF
2025-02-07 22:54:26,414 - root - INFO - Found opportunity in XLE
2025-02-07 22:54:26,643 - root - INFO - Found opportunity in XLV
2025-02-07 22:54:26,895 - root - INFO - Found opportunity in XLP
2025-02-07 22:54:27,093 - root - INFO - Found opportunity in XLI
2025-02-07 22:54:27,290 - root - INFO - Found opportunity in XLB
2025-02-07 22:54:27,514 - root - INFO - Found opportunity in XLU
2025-02-07 22:54:27,758 - root - INFO - Found opportunity in XLY
2025-02-07 22:54:28,124 - root - INFO - Found opportunity in SMH
2025-02-07 22:54:28,339 - root - INFO - Found opportunity in XRT
2025-02-07 22:54:28,340 - root - INFO - Starting sector scan...
2025-02-07 22:54:28,557 - root - INFO - Found opportunity in XLK
2025-02-07 22:54:28,831 - root - INFO - Found opportunity in XLF
2025-02-07 22:54:29,214 - root - INFO - Found opportunity in XLE
2025-02-07 22:54:29,464 - root - INFO - Found opportunity in XLV
2025-02-07 22:54:29,686 - root - INFO - Found opportunity in XLP
2025-02-07 22:54:29,958 - root - INFO - Found opportunity in XLI
2025-02-07 22:54:30,194 - root - INFO - Found opportunity in XLB
2025-02-07 22:54:30,437 - root - INFO - Found opportunity in XLU
2025-02-07 22:54:30,694 - root - INFO - Found opportunity in XLY
2025-02-07 22:54:30,917 - root - INFO - Found opportunity in SMH
2025-02-07 22:54:31,124 - root - INFO - Found opportunity in XRT
2025-02-07 22:54:31,125 - root - INFO - Starting sector scan...
2025-02-07 22:54:31,344 - root - INFO - Found opportunity in XLK
2025-02-07 22:54:31,588 - root - INFO - Found opportunity in XLF
2025-02-07 22:54:31,862 - root - INFO - Found opportunity in XLE
2025-02-07 22:54:32,074 - root - INFO - Found opportunity in XLV
2025-02-07 22:54:32,302 - root - INFO - Found opportunity in XLP
2025-02-07 22:54:32,541 - root - INFO - Found opportunity in XLI
2025-02-07 22:54:32,776 - root - INFO - Found opportunity in XLB
2025-02-07 22:54:33,006 - root - INFO - Found opportunity in XLU
2025-02-07 22:54:33,217 - root - INFO - Found opportunity in XLY
2025-02-07 22:54:33,459 - root - INFO - Found opportunity in SMH
2025-02-07 22:54:33,704 - root - INFO - Found opportunity in XRT
2025-02-07 22:54:33,705 - root - INFO - Starting sector scan...
2025-02-07 22:54:33,904 - root - INFO - Found opportunity in XLK
2025-02-07 22:54:34,110 - root - INFO - Found opportunity in XLF
2025-02-07 22:54:34,353 - root - INFO - Found opportunity in XLE
2025-02-07 22:54:34,586 - root - INFO - Found opportunity in XLV
2025-02-07 22:54:34,838 - root - INFO - Found opportunity in XLP
2025-02-07 22:54:35,096 - root - INFO - Found opportunity in XLI
2025-02-07 22:54:35,424 - root - INFO - Found opportunity in XLB
2025-02-07 22:54:35,664 - root - INFO - Found opportunity in XLU
2025-02-07 22:54:35,908 - root - INFO - Found opportunity in XLY
2025-02-07 22:54:36,133 - root - INFO - Found opportunity in SMH
2025-02-07 22:54:36,392 - root - INFO - Found opportunity in XRT
2025-02-07 22:54:36,394 - root - INFO - Starting sector scan...
2025-02-07 22:54:36,632 - root - INFO - Found opportunity in XLK
2025-02-07 22:54:36,867 - root - INFO - Found opportunity in XLF
2025-02-07 22:54:37,123 - root - INFO - Found opportunity in XLE
2025-02-07 22:54:37,315 - root - INFO - Found opportunity in XLV
2025-02-07 22:54:37,548 - root - INFO - Found opportunity in XLP
2025-02-07 22:54:37,812 - root - INFO - Found opportunity in XLI
2025-02-07 22:54:38,024 - root - INFO - Found opportunity in XLB
2025-02-07 22:54:38,488 - root - INFO - Found opportunity in XLU
2025-02-07 22:54:38,732 - root - INFO - Found opportunity in XLY
2025-02-07 22:54:38,974 - root - INFO - Found opportunity in SMH
2025-02-07 22:54:39,221 - root - INFO - Found opportunity in XRT
2025-02-07 22:54:39,222 - root - INFO - Starting sector scan...
2025-02-07 22:54:39,436 - root - INFO - Found opportunity in XLK
2025-02-07 22:54:39,673 - root - INFO - Found opportunity in XLF
2025-02-07 22:54:39,908 - root - INFO - Found opportunity in XLE
2025-02-07 22:54:40,135 - root - INFO - Found opportunity in XLV
2025-02-07 22:54:40,399 - root - INFO - Found opportunity in XLP
2025-02-07 22:54:40,651 - root - INFO - Found opportunity in XLI
2025-02-07 22:54:40,887 - root - INFO - Found opportunity in XLB
2025-02-07 22:54:41,116 - root - INFO - Found opportunity in XLU
2025-02-07 22:54:41,362 - root - INFO - Found opportunity in XLY
2025-02-07 22:54:41,608 - root - INFO - Found opportunity in SMH
2025-02-07 22:54:41,866 - root - INFO - Found opportunity in XRT
2025-02-07 22:54:41,868 - root - INFO - Starting sector scan...
2025-02-07 22:54:42,136 - root - INFO - Found opportunity in XLK
2025-02-07 22:54:42,330 - root - INFO - Found opportunity in XLF
2025-02-07 22:54:42,575 - root - INFO - Found opportunity in XLE
2025-02-07 22:54:42,834 - root - INFO - Found opportunity in XLV
2025-02-07 22:54:43,093 - root - INFO - Found opportunity in XLP
2025-02-07 22:54:43,358 - root - INFO - Found opportunity in XLI
2025-02-07 22:54:43,612 - root - INFO - Found opportunity in XLB
2025-02-07 22:54:43,860 - root - INFO - Found opportunity in XLU
2025-02-07 22:54:44,102 - root - INFO - Found opportunity in XLY
2025-02-07 22:54:44,314 - root - INFO - Found opportunity in SMH
2025-02-07 22:54:44,727 - root - INFO - Found opportunity in XRT
2025-02-07 22:54:44,728 - root - INFO - Starting sector scan...
2025-02-07 22:54:44,989 - root - INFO - Found opportunity in XLK
2025-02-07 22:54:45,253 - root - INFO - Found opportunity in XLF
2025-02-07 22:54:45,483 - root - INFO - Found opportunity in XLE
2025-02-07 22:54:45,734 - root - INFO - Found opportunity in XLV
2025-02-07 22:54:46,011 - root - INFO - Found opportunity in XLP
2025-02-07 22:54:46,234 - root - INFO - Found opportunity in XLI
2025-02-07 22:54:46,499 - root - INFO - Found opportunity in XLB
2025-02-07 22:54:46,724 - root - INFO - Found opportunity in XLU
2025-02-07 22:54:47,101 - root - INFO - Found opportunity in XLY
2025-02-07 22:54:47,335 - root - INFO - Found opportunity in SMH
2025-02-07 22:54:47,580 - root - INFO - Found opportunity in XRT
2025-02-07 22:56:21,815 - root - INFO - Loaded configuration from config/config.json
2025-02-07 22:56:22,602 - root - INFO - Model and scaler fitted with synthetic sample data
2025-02-07 22:56:26,589 - root - INFO - Starting sector scan...
2025-02-07 22:56:26,801 - root - INFO - Found opportunity in XLK
2025-02-07 22:56:27,073 - root - INFO - Found opportunity in XLF
2025-02-07 22:56:27,332 - root - INFO - Found opportunity in XLE
2025-02-07 22:56:27,618 - root - INFO - Found opportunity in XLV
2025-02-07 22:56:27,867 - root - INFO - Found opportunity in XLP
2025-02-07 22:56:28,106 - root - INFO - Found opportunity in XLI
2025-02-07 22:56:28,323 - root - INFO - Found opportunity in XLB
2025-02-07 22:56:28,528 - root - INFO - Found opportunity in XLU
2025-02-07 22:56:28,758 - root - INFO - Found opportunity in XLY
2025-02-07 22:56:28,980 - root - INFO - Found opportunity in SMH
2025-02-07 22:56:29,237 - root - INFO - Found opportunity in XRT
2025-02-07 22:56:32,030 - root - INFO - Starting sector scan...
2025-02-07 22:56:32,299 - root - INFO - Found opportunity in XLK
2025-02-07 22:56:32,629 - root - INFO - Found opportunity in XLF
2025-02-07 22:56:33,015 - root - INFO - Found opportunity in XLE
2025-02-07 22:56:33,274 - root - INFO - Found opportunity in XLV
2025-02-07 22:56:33,522 - root - INFO - Found opportunity in XLP
2025-02-07 22:56:33,774 - root - INFO - Found opportunity in XLI
2025-02-07 22:56:34,040 - root - INFO - Found opportunity in XLB
2025-02-07 22:56:34,261 - root - INFO - Found opportunity in XLU
2025-02-07 22:56:34,538 - root - INFO - Found opportunity in XLY
2025-02-07 22:56:34,817 - root - INFO - Found opportunity in SMH
2025-02-07 22:56:35,082 - root - INFO - Found opportunity in XRT
2025-02-07 22:56:35,083 - root - INFO - Starting sector scan...
2025-02-07 22:56:35,350 - root - INFO - Found opportunity in XLK
2025-02-07 22:56:35,569 - root - INFO - Found opportunity in XLF
2025-02-07 22:56:35,777 - root - INFO - Found opportunity in XLE
2025-02-07 22:56:36,020 - root - INFO - Found opportunity in XLV
2025-02-07 22:56:36,223 - root - INFO - Found opportunity in XLP
2025-02-07 22:56:36,475 - root - INFO - Found opportunity in XLI
2025-02-07 22:56:36,707 - root - INFO - Found opportunity in XLB
2025-02-07 22:56:37,010 - root - INFO - Found opportunity in XLU
2025-02-07 22:56:37,235 - root - INFO - Found opportunity in XLY
2025-02-07 22:56:37,443 - root - INFO - Found opportunity in SMH
2025-02-07 22:56:37,736 - root - INFO - Found opportunity in XRT
2025-02-07 22:56:37,738 - root - INFO - Starting sector scan...
2025-02-07 22:56:38,013 - root - INFO - Found opportunity in XLK
2025-02-07 22:56:38,280 - root - INFO - Found opportunity in XLF
2025-02-07 22:56:38,512 - root - INFO - Found opportunity in XLE
2025-02-07 22:56:38,774 - root - INFO - Found opportunity in XLV
2025-02-07 22:56:39,010 - root - INFO - Found opportunity in XLP
2025-02-07 22:56:39,349 - root - INFO - Found opportunity in XLI
2025-02-07 22:56:39,621 - root - INFO - Found opportunity in XLB
2025-02-07 22:56:39,880 - root - INFO - Found opportunity in XLU
2025-02-07 22:56:40,139 - root - INFO - Found opportunity in XLY
2025-02-07 22:56:40,379 - root - INFO - Found opportunity in SMH
2025-02-07 22:56:40,610 - root - INFO - Found opportunity in XRT
2025-02-07 22:56:40,611 - root - INFO - Starting sector scan...
2025-02-07 22:56:40,898 - root - INFO - Found opportunity in XLK
2025-02-07 22:56:41,149 - root - INFO - Found opportunity in XLF
2025-02-07 22:56:41,379 - root - INFO - Found opportunity in XLE
2025-02-07 22:56:41,645 - root - INFO - Found opportunity in XLV
2025-02-07 22:56:41,916 - root - INFO - Found opportunity in XLP
2025-02-07 22:56:42,171 - root - INFO - Found opportunity in XLI
2025-02-07 22:56:42,422 - root - INFO - Found opportunity in XLB
2025-02-07 22:56:42,688 - root - INFO - Found opportunity in XLU
2025-02-07 22:56:42,928 - root - INFO - Found opportunity in XLY
2025-02-07 22:56:43,161 - root - INFO - Found opportunity in SMH
2025-02-07 22:56:43,408 - root - INFO - Found opportunity in XRT
2025-02-07 22:56:43,409 - root - INFO - Starting sector scan...
2025-02-07 22:56:43,645 - root - INFO - Found opportunity in XLK
2025-02-07 22:56:43,897 - root - INFO - Found opportunity in XLF
2025-02-07 22:56:44,160 - root - INFO - Found opportunity in XLE
2025-02-07 22:56:44,399 - root - INFO - Found opportunity in XLV
2025-02-07 22:56:44,651 - root - INFO - Found opportunity in XLP
2025-02-07 22:56:44,885 - root - INFO - Found opportunity in XLI
2025-02-07 22:56:45,109 - root - INFO - Found opportunity in XLB
2025-02-07 22:56:45,358 - root - INFO - Found opportunity in XLU
2025-02-07 22:56:45,624 - root - INFO - Found opportunity in XLY
2025-02-07 22:56:45,873 - root - INFO - Found opportunity in SMH
2025-02-07 22:56:46,143 - root - INFO - Found opportunity in XRT
2025-02-07 22:56:46,144 - root - INFO - Starting sector scan...
2025-02-07 22:56:46,347 - root - INFO - Found opportunity in XLK
2025-02-07 22:56:46,610 - root - INFO - Found opportunity in XLF
2025-02-07 22:56:46,839 - root - INFO - Found opportunity in XLE
2025-02-07 22:56:47,066 - root - INFO - Found opportunity in XLV
2025-02-07 22:56:47,298 - root - INFO - Found opportunity in XLP
2025-02-07 22:56:47,525 - root - INFO - Found opportunity in XLI
2025-02-07 22:56:47,766 - root - INFO - Found opportunity in XLB
2025-02-07 22:56:48,002 - root - INFO - Found opportunity in XLU
2025-02-07 22:56:48,249 - root - INFO - Found opportunity in XLY
2025-02-07 22:56:48,511 - root - INFO - Found opportunity in SMH
2025-02-07 22:56:48,742 - root - INFO - Found opportunity in XRT
2025-02-07 22:56:48,743 - root - INFO - Starting sector scan...
2025-02-07 22:56:48,980 - root - INFO - Found opportunity in XLK
2025-02-07 22:56:49,213 - root - INFO - Found opportunity in XLF
2025-02-07 22:56:49,440 - root - INFO - Found opportunity in XLE
2025-02-07 22:56:49,693 - root - INFO - Found opportunity in XLV
2025-02-07 22:56:49,950 - root - INFO - Found opportunity in XLP
2025-02-07 22:56:50,222 - root - INFO - Found opportunity in XLI
2025-02-07 22:56:50,492 - root - INFO - Found opportunity in XLB
2025-02-07 22:56:50,724 - root - INFO - Found opportunity in XLU
2025-02-07 22:56:50,991 - root - INFO - Found opportunity in XLY
2025-02-07 22:56:51,227 - root - INFO - Found opportunity in SMH
2025-02-07 22:56:51,475 - root - INFO - Found opportunity in XRT
2025-02-07 22:56:51,475 - root - INFO - Starting sector scan...
2025-02-07 22:56:51,735 - root - INFO - Found opportunity in XLK
2025-02-07 22:56:51,998 - root - INFO - Found opportunity in XLF
2025-02-07 22:56:52,244 - root - INFO - Found opportunity in XLE
2025-02-07 22:56:52,463 - root - INFO - Found opportunity in XLV
2025-02-07 22:56:52,735 - root - INFO - Found opportunity in XLP
2025-02-07 22:56:52,985 - root - INFO - Found opportunity in XLI
2025-02-07 22:56:53,231 - root - INFO - Found opportunity in XLB
2025-02-07 22:56:53,468 - root - INFO - Found opportunity in XLU
2025-02-07 22:56:53,723 - root - INFO - Found opportunity in XLY
2025-02-07 22:56:53,973 - root - INFO - Found opportunity in SMH
2025-02-07 22:56:54,204 - root - INFO - Found opportunity in XRT
2025-02-07 22:56:54,205 - root - INFO - Starting sector scan...
2025-02-07 22:56:54,415 - root - INFO - Found opportunity in XLK
2025-02-07 22:56:54,608 - root - INFO - Found opportunity in XLF
2025-02-07 22:56:54,871 - root - INFO - Found opportunity in XLE
2025-02-07 22:56:55,114 - root - INFO - Found opportunity in XLV
2025-02-07 22:56:55,373 - root - INFO - Found opportunity in XLP
2025-02-07 22:56:55,632 - root - INFO - Found opportunity in XLI
2025-02-07 22:56:55,882 - root - INFO - Found opportunity in XLB
2025-02-07 22:56:56,111 - root - INFO - Found opportunity in XLU
2025-02-07 22:56:56,414 - root - INFO - Found opportunity in XLY
2025-02-07 22:56:56,668 - root - INFO - Found opportunity in SMH
2025-02-07 22:56:56,905 - root - INFO - Found opportunity in XRT
2025-02-07 22:56:56,906 - root - INFO - Starting sector scan...
2025-02-07 22:56:57,161 - root - INFO - Found opportunity in XLK
2025-02-07 22:56:57,390 - root - INFO - Found opportunity in XLF
2025-02-07 22:56:57,606 - root - INFO - Found opportunity in XLE
2025-02-07 22:56:57,852 - root - INFO - Found opportunity in XLV
2025-02-07 22:56:58,087 - root - INFO - Found opportunity in XLP
2025-02-07 22:56:58,337 - root - INFO - Found opportunity in XLI
2025-02-07 22:56:58,567 - root - INFO - Found opportunity in XLB
2025-02-07 22:56:58,802 - root - INFO - Found opportunity in XLU
2025-02-07 22:56:59,033 - root - INFO - Found opportunity in XLY
2025-02-07 22:56:59,239 - root - INFO - Found opportunity in SMH
2025-02-07 22:56:59,541 - root - INFO - Found opportunity in XRT
2025-02-07 22:56:59,542 - root - INFO - Starting sector scan...
2025-02-07 22:56:59,795 - root - INFO - Found opportunity in XLK
2025-02-07 22:57:00,051 - root - INFO - Found opportunity in XLF
2025-02-07 22:57:00,312 - root - INFO - Found opportunity in XLE
2025-02-07 22:57:00,568 - root - INFO - Found opportunity in XLV
2025-02-07 22:57:00,797 - root - INFO - Found opportunity in XLP
2025-02-07 22:57:01,018 - root - INFO - Found opportunity in XLI
2025-02-07 22:57:01,225 - root - INFO - Found opportunity in XLB
2025-02-07 22:57:01,466 - root - INFO - Found opportunity in XLU
2025-02-07 22:57:01,698 - root - INFO - Found opportunity in XLY
2025-02-07 22:57:01,904 - root - INFO - Found opportunity in SMH
2025-02-07 22:57:02,159 - root - INFO - Found opportunity in XRT
2025-02-07 22:57:29,263 - root - INFO - Loaded configuration from config/config.json
2025-02-07 22:57:29,981 - root - INFO - Model and scaler fitted with synthetic sample data
2025-02-07 22:57:34,164 - root - INFO - Starting sector scan...
2025-02-07 22:57:34,424 - root - INFO - Found opportunity in XLK
2025-02-07 22:57:34,685 - root - INFO - Found opportunity in XLF
2025-02-07 22:57:34,946 - root - INFO - Found opportunity in XLE
2025-02-07 22:57:35,198 - root - INFO - Found opportunity in XLV
2025-02-07 22:57:35,450 - root - INFO - Found opportunity in XLP
2025-02-07 22:57:35,708 - root - INFO - Found opportunity in XLI
2025-02-07 22:57:35,980 - root - INFO - Found opportunity in XLB
2025-02-07 22:57:36,232 - root - INFO - Found opportunity in XLU
2025-02-07 22:57:36,489 - root - INFO - Found opportunity in XLY
2025-02-07 22:57:36,750 - root - INFO - Found opportunity in SMH
2025-02-07 22:57:37,006 - root - INFO - Found opportunity in XRT
2025-02-07 22:57:39,860 - root - INFO - Starting sector scan...
2025-02-07 22:57:40,292 - root - INFO - Found opportunity in XLK
2025-02-07 22:57:40,538 - root - INFO - Found opportunity in XLF
2025-02-07 22:57:40,809 - root - INFO - Found opportunity in XLE
2025-02-07 22:57:41,096 - root - INFO - Found opportunity in XLV
2025-02-07 22:57:41,355 - root - INFO - Found opportunity in XLP
2025-02-07 22:57:41,606 - root - INFO - Found opportunity in XLI
2025-02-07 22:57:41,870 - root - INFO - Found opportunity in XLB
2025-02-07 22:57:42,136 - root - INFO - Found opportunity in XLU
2025-02-07 22:57:42,459 - root - INFO - Found opportunity in XLY
2025-02-07 22:57:42,738 - root - INFO - Found opportunity in SMH
2025-02-07 22:57:43,015 - root - INFO - Found opportunity in XRT
2025-02-07 22:57:43,016 - root - INFO - Starting sector scan...
2025-02-07 22:57:43,281 - root - INFO - Found opportunity in XLK
2025-02-07 22:57:43,529 - root - INFO - Found opportunity in XLF
2025-02-07 22:57:43,791 - root - INFO - Found opportunity in XLE
2025-02-07 22:57:44,050 - root - INFO - Found opportunity in XLV
2025-02-07 22:57:44,315 - root - INFO - Found opportunity in XLP
2025-02-07 22:57:44,576 - root - INFO - Found opportunity in XLI
2025-02-07 22:57:44,821 - root - INFO - Found opportunity in XLB
2025-02-07 22:57:45,076 - root - INFO - Found opportunity in XLU
2025-02-07 22:57:45,331 - root - INFO - Found opportunity in XLY
2025-02-07 22:57:45,612 - root - INFO - Found opportunity in SMH
2025-02-07 22:57:45,864 - root - INFO - Found opportunity in XRT
2025-02-07 22:57:45,866 - root - INFO - Starting sector scan...
2025-02-07 22:57:46,124 - root - INFO - Found opportunity in XLK
2025-02-07 22:57:46,380 - root - INFO - Found opportunity in XLF
2025-02-07 22:57:46,634 - root - INFO - Found opportunity in XLE
2025-02-07 22:57:46,916 - root - INFO - Found opportunity in XLV
2025-02-07 22:57:47,164 - root - INFO - Found opportunity in XLP
2025-02-07 22:57:47,421 - root - INFO - Found opportunity in XLI
2025-02-07 22:57:47,682 - root - INFO - Found opportunity in XLB
2025-02-07 22:57:47,923 - root - INFO - Found opportunity in XLU
2025-02-07 22:57:48,172 - root - INFO - Found opportunity in XLY
2025-02-07 22:57:48,439 - root - INFO - Found opportunity in SMH
2025-02-07 22:57:48,697 - root - INFO - Found opportunity in XRT
2025-02-07 22:57:48,698 - root - INFO - Starting sector scan...
2025-02-07 22:57:48,965 - root - INFO - Found opportunity in XLK
2025-02-07 22:57:49,230 - root - INFO - Found opportunity in XLF
2025-02-07 22:57:49,469 - root - INFO - Found opportunity in XLE
2025-02-07 22:57:49,720 - root - INFO - Found opportunity in XLV
2025-02-07 22:57:49,981 - root - INFO - Found opportunity in XLP
2025-02-07 22:57:50,232 - root - INFO - Found opportunity in XLI
2025-02-07 22:57:50,493 - root - INFO - Found opportunity in XLB
2025-02-07 22:57:50,749 - root - INFO - Found opportunity in XLU
2025-02-07 22:57:51,012 - root - INFO - Found opportunity in XLY
2025-02-07 22:57:51,267 - root - INFO - Found opportunity in SMH
2025-02-07 22:57:51,533 - root - INFO - Found opportunity in XRT
2025-02-07 22:57:51,534 - root - INFO - Starting sector scan...
2025-02-07 22:57:51,815 - root - INFO - Found opportunity in XLK
2025-02-07 22:57:52,069 - root - INFO - Found opportunity in XLF
2025-02-07 22:57:52,300 - root - INFO - Found opportunity in XLE
2025-02-07 22:57:52,542 - root - INFO - Found opportunity in XLV
2025-02-07 22:57:52,802 - root - INFO - Found opportunity in XLP
2025-02-07 22:57:53,063 - root - INFO - Found opportunity in XLI
2025-02-07 22:57:53,331 - root - INFO - Found opportunity in XLB
2025-02-07 22:57:53,577 - root - INFO - Found opportunity in XLU
2025-02-07 22:57:53,825 - root - INFO - Found opportunity in XLY
2025-02-07 22:57:54,079 - root - INFO - Found opportunity in SMH
2025-02-07 22:57:54,338 - root - INFO - Found opportunity in XRT
2025-02-07 22:57:54,341 - root - INFO - Starting sector scan...
2025-02-07 22:57:54,599 - root - INFO - Found opportunity in XLK
2025-02-07 22:57:55,000 - root - INFO - Found opportunity in XLF
2025-02-07 22:57:55,255 - root - INFO - Found opportunity in XLE
2025-02-07 22:57:55,504 - root - INFO - Found opportunity in XLV
2025-02-07 22:57:55,759 - root - INFO - Found opportunity in XLP
2025-02-07 22:57:56,001 - root - INFO - Found opportunity in XLI
2025-02-07 22:57:56,255 - root - INFO - Found opportunity in XLB
2025-02-07 22:57:56,519 - root - INFO - Found opportunity in XLU
2025-02-07 22:57:56,768 - root - INFO - Found opportunity in XLY
2025-02-07 22:57:57,030 - root - INFO - Found opportunity in SMH
2025-02-07 22:57:57,284 - root - INFO - Found opportunity in XRT
2025-02-07 22:57:57,285 - root - INFO - Starting sector scan...
2025-02-07 22:57:57,540 - root - INFO - Found opportunity in XLK
2025-02-07 22:57:57,794 - root - INFO - Found opportunity in XLF
2025-02-07 22:57:58,106 - root - INFO - Found opportunity in XLE
2025-02-07 22:57:58,361 - root - INFO - Found opportunity in XLV
2025-02-07 22:57:58,623 - root - INFO - Found opportunity in XLP
2025-02-07 22:57:58,877 - root - INFO - Found opportunity in XLI
2025-02-07 22:57:59,117 - root - INFO - Found opportunity in XLB
2025-02-07 22:57:59,368 - root - INFO - Found opportunity in XLU
2025-02-07 22:57:59,618 - root - INFO - Found opportunity in XLY
2025-02-07 22:57:59,870 - root - INFO - Found opportunity in SMH
2025-02-07 22:58:00,135 - root - INFO - Found opportunity in XRT
2025-02-07 22:58:00,137 - root - INFO - Starting sector scan...
2025-02-07 22:58:00,385 - root - INFO - Found opportunity in XLK
2025-02-07 22:58:00,661 - root - INFO - Found opportunity in XLF
2025-02-07 22:58:00,935 - root - INFO - Found opportunity in XLE
2025-02-07 22:58:01,255 - root - INFO - Found opportunity in XLV
2025-02-07 22:58:01,493 - root - INFO - Found opportunity in XLP
2025-02-07 22:58:01,750 - root - INFO - Found opportunity in XLI
2025-02-07 22:58:01,996 - root - INFO - Found opportunity in XLB
2025-02-07 22:58:02,275 - root - INFO - Found opportunity in XLU
2025-02-07 22:58:02,528 - root - INFO - Found opportunity in XLY
2025-02-07 22:58:02,788 - root - INFO - Found opportunity in SMH
2025-02-07 22:58:03,048 - root - INFO - Found opportunity in XRT
2025-02-07 22:58:03,049 - root - INFO - Starting sector scan...
2025-02-07 22:58:03,295 - root - INFO - Found opportunity in XLK
2025-02-07 22:58:03,557 - root - INFO - Found opportunity in XLF
2025-02-07 22:58:03,812 - root - INFO - Found opportunity in XLE
2025-02-07 22:58:04,072 - root - INFO - Found opportunity in XLV
2025-02-07 22:58:04,415 - root - INFO - Found opportunity in XLP
2025-02-07 22:58:04,658 - root - INFO - Found opportunity in XLI
2025-02-07 22:58:04,923 - root - INFO - Found opportunity in XLB
2025-02-07 22:58:05,178 - root - INFO - Found opportunity in XLU
2025-02-07 22:58:05,440 - root - INFO - Found opportunity in XLY
2025-02-07 22:58:05,711 - root - INFO - Found opportunity in SMH
2025-02-07 22:58:05,973 - root - INFO - Found opportunity in XRT
2025-02-07 22:58:05,974 - root - INFO - Starting sector scan...
2025-02-07 22:58:06,232 - root - INFO - Found opportunity in XLK
2025-02-07 22:58:06,488 - root - INFO - Found opportunity in XLF
2025-02-07 22:58:06,733 - root - INFO - Found opportunity in XLE
2025-02-07 22:58:07,001 - root - INFO - Found opportunity in XLV
2025-02-07 22:58:07,251 - root - INFO - Found opportunity in XLP
2025-02-07 22:58:07,517 - root - INFO - Found opportunity in XLI
2025-02-07 22:58:07,777 - root - INFO - Found opportunity in XLB
2025-02-07 22:58:08,032 - root - INFO - Found opportunity in XLU
2025-02-07 22:58:08,288 - root - INFO - Found opportunity in XLY
2025-02-07 22:58:08,557 - root - INFO - Found opportunity in SMH
2025-02-07 22:58:08,808 - root - INFO - Found opportunity in XRT
2025-02-07 22:58:08,809 - root - INFO - Starting sector scan...
2025-02-07 22:58:09,069 - root - INFO - Found opportunity in XLK
2025-02-07 22:58:09,363 - root - INFO - Found opportunity in XLF
2025-02-07 22:58:09,625 - root - INFO - Found opportunity in XLE
2025-02-07 22:58:09,888 - root - INFO - Found opportunity in XLV
2025-02-07 22:58:10,135 - root - INFO - Found opportunity in XLP
2025-02-07 22:58:10,370 - root - INFO - Found opportunity in XLI
2025-02-07 22:58:10,652 - root - INFO - Found opportunity in XLB
2025-02-07 22:58:10,906 - root - INFO - Found opportunity in XLU
2025-02-07 22:58:11,158 - root - INFO - Found opportunity in XLY
2025-02-07 22:58:11,422 - root - INFO - Found opportunity in SMH
2025-02-07 22:58:11,678 - root - INFO - Found opportunity in XRT
